2025-09-21 12:35:39,708 - INFO - ============================================================
2025-09-21 12:35:39,708 - INFO - 🚀 TaoTrader 币种信息拉取服务启动
2025-09-21 12:35:39,708 - INFO - 📅 执行时间: 2025-09-21 12:35:39
2025-09-21 12:35:39,708 - INFO - ============================================================
2025-09-21 12:35:39,709 - INFO - 📄 找到ticker文件: ../tickers.json
2025-09-21 12:35:48,577 - INFO - 📊 数据源: ../tickers.json
2025-09-21 12:35:50,861 - INFO - 🎯 币种数量: 10
2025-09-21 12:36:10,834 - INFO - 🚀 开始超保守模式数据拉取
2025-09-21 12:36:10,834 - INFO - 📊 目标币种数量: 10
2025-09-21 12:36:10,834 - INFO - 💾 输出文件: coin_mapping_table.csv
2025-09-21 12:36:10,846 - INFO - 🔧 正在初始化SectorFetcher...
2025-09-21 12:36:10,846 - INFO - 正在初始化SectorFetcher...
2025-09-21 12:36:11,039 - INFO - SectorFetcher初始化成功
2025-09-21 12:36:11,039 - INFO - CSV文件 coin_mapping_table.csv 不存在，将创建新文件
2025-09-21 12:36:11,039 - INFO - ✅ SectorFetcher初始化完成
2025-09-21 12:36:11,039 - INFO - 📦 处理第 1/2 批: ['BTCUSDT', 'ETHUSDT', 'MEUSDT', 'DEXEUSDT', 'PERPUSDT']
2025-09-21 12:36:11,041 - INFO - [1/5] 处理 BTCUSDT
2025-09-21 12:36:11,041 - INFO - 正在获取 BTCUSDT 的数据...
2025-09-21 12:49:01,993 - INFO -   BTCUSDT 数据已更新
2025-09-21 12:49:01,993 - INFO - [2/5] 处理 ETHUSDT
2025-09-21 12:49:01,993 - INFO - 正在获取 ETHUSDT 的数据...
2025-09-21 12:51:04,943 - INFO -   ETHUSDT 数据已更新
2025-09-21 12:51:04,943 - INFO - [3/5] 处理 MEUSDT
2025-09-21 12:51:04,943 - INFO - 正在获取 MEUSDT 的数据...
2025-09-21 12:52:15,349 - INFO -   MEUSDT 数据已更新
2025-09-21 12:52:15,349 - INFO - [4/5] 处理 DEXEUSDT
2025-09-21 12:52:15,349 - INFO - 正在获取 DEXEUSDT 的数据...
2025-09-21 12:52:20,595 - INFO -   DEXEUSDT 数据已更新
2025-09-21 12:52:20,595 - INFO - [5/5] 处理 PERPUSDT
2025-09-21 12:52:20,596 - INFO - 正在获取 PERPUSDT 的数据...
2025-09-21 12:52:25,825 - INFO -   PERPUSDT 数据已更新
2025-09-21 12:52:25,826 - INFO - 数据已保存到 coin_mapping_table.csv
2025-09-21 12:52:25,826 - INFO - ✅ 批次 1 完成: 成功 5, 失败 0
2025-09-21 12:52:25,826 - INFO - ⏳ 批次间等待 60 秒...
2025-09-21 12:53:25,830 - INFO - 📦 处理第 2/2 批: ['ADAUSDT', 'SOLUSDT', 'BNBUSDT', 'XRPUSDT', 'DOTUSDT']
2025-09-21 12:53:25,830 - INFO - [1/5] 处理 ADAUSDT
2025-09-21 12:53:25,831 - INFO - 正在获取 ADAUSDT 的数据...
2025-09-21 12:53:36,375 - INFO -   ADAUSDT 数据已更新
2025-09-21 12:53:36,375 - INFO - [2/5] 处理 SOLUSDT
2025-09-21 12:53:36,376 - INFO - 正在获取 SOLUSDT 的数据...
2025-09-21 12:55:23,857 - INFO -   SOLUSDT 数据已更新
2025-09-21 12:55:23,858 - INFO - [3/5] 处理 BNBUSDT
2025-09-21 12:55:23,858 - INFO - 正在获取 BNBUSDT 的数据...
2025-09-21 12:56:39,409 - INFO -   BNBUSDT 数据已更新
2025-09-21 12:56:39,409 - INFO - [4/5] 处理 XRPUSDT
2025-09-21 12:56:39,409 - INFO - 正在获取 XRPUSDT 的数据...
2025-09-21 12:58:00,193 - INFO -   XRPUSDT 数据已更新
2025-09-21 12:58:00,193 - INFO - [5/5] 处理 DOTUSDT
2025-09-21 12:58:00,193 - INFO - 正在获取 DOTUSDT 的数据...
2025-09-21 12:58:15,655 - INFO -   DOTUSDT 数据已更新
2025-09-21 12:58:15,656 - INFO - 数据已保存到 coin_mapping_table.csv
2025-09-21 12:58:15,656 - INFO - ✅ 批次 2 完成: 成功 5, 失败 0
2025-09-21 12:58:15,656 - INFO - 🎉 数据拉取完成!
2025-09-21 12:58:15,656 - INFO - 📊 总计: 10 个币种
2025-09-21 12:58:15,657 - INFO - ✅ 成功: 10
2025-09-21 12:58:15,657 - INFO - ❌ 失败: 0
2025-09-21 12:58:15,657 - INFO - 📈 成功率: 100.0%
2025-09-21 12:58:15,657 - INFO - 📋 映射表统计: 5 个币种
2025-09-21 12:58:15,657 - INFO - 🕒 最后更新: 2025-09-21 12:58:15
2025-09-21 12:58:15,661 - INFO - ============================================================
2025-09-21 12:58:15,661 - INFO - 📊 执行完成报告
2025-09-21 12:58:15,661 - INFO - ⏱️ 总耗时: 0:22:16.713193
2025-09-21 12:58:15,661 - INFO - ✅ 成功: 10
2025-09-21 12:58:15,661 - INFO - ❌ 失败: 0
2025-09-21 12:58:15,661 - INFO - 📈 成功率: 100.0%
2025-09-21 12:58:15,662 - INFO - 💾 已创建备份: backups/coin_mapping_20250921_1258.csv
2025-09-21 12:58:15,662 - INFO - ============================================================
2025-09-21 12:58:15,662 - INFO - 🎉 所有数据拉取成功!
